{
  "RSpec": {
    "coverage": {
      "/Users/harsh/Playground/ruby_on_rails/projects/rails_training_project/TodoApp/app/helpers/application_helper.rb": [
        1,
        null
      ],
      "/Users/harsh/Playground/ruby_on_rails/projects/rails_training_project/TodoApp/app/models/application_record.rb": [
        1,
        1,
        null
      ],
      "/Users/harsh/Playground/ruby_on_rails/projects/rails_training_project/TodoApp/app/models/todo.rb": [
        1,
        null,
        null,
        null,
        null,
        null,
        null,
        1,
        null,
        1,
        1,
        1,
        1,
        null,
        null,
        null,
        null,
        null
      ],
      "/Users/harsh/Playground/ruby_on_rails/projects/rails_training_project/TodoApp/app/mailers/application_mailer.rb": [
        0,
        0,
        0,
        0
      ],
      "/Users/harsh/Playground/ruby_on_rails/projects/rails_training_project/TodoApp/app/jobs/application_job.rb": [
        0,
        null,
        null,
        null,
        null,
        null,
        0
      ],
      "/Users/harsh/Playground/ruby_on_rails/projects/rails_training_project/TodoApp/app/controllers/application_controller.rb": [
        0,
        0
      ],
      "/Users/harsh/Playground/ruby_on_rails/projects/rails_training_project/TodoApp/app/controllers/home_controller.rb": [
        0,
        0
      ],
      "/Users/harsh/Playground/ruby_on_rails/projects/rails_training_project/TodoApp/app/controllers/todos_controller.rb": [
        0,
        null,
        0,
        0,
        0,
        0,
        0,
        0,
        0,
        0,
        0,
        0,
        0,
        0,
        0,
        0,
        0,
        null,
        0,
        0,
        0,
        0,
        0,
        null,
        0,
        0,
        null,
        0,
        0,
        0,
        0,
        0,
        0,
        null,
        0,
        0,
        0,
        0,
        0,
        0,
        0,
        0,
        0,
        0,
        0,
        0,
        0,
        0,
        null,
        0,
        0,
        0,
        0
      ]
    },
    "timestamp": 1566297054
  }
}
